{"/mnt/c/Users/Abdulrahman.Salman/Desktop/Github Actions Association/playpen/github-action-course/sum.js": {"path":"/mnt/c/Users/Abdulrahman.Salman/Desktop/Github Actions Association/playpen/github-action-course/sum.js","statementMap":{"0":{"start":{"line":2,"column":4},"end":{"line":2,"column":17}},"1":{"start":{"line":5,"column":0},"end":{"line":5,"column":21}}},"fnMap":{"0":{"name":"sum","decl":{"start":{"line":1,"column":9},"end":{"line":1,"column":12}},"loc":{"start":{"line":1,"column":17},"end":{"line":3,"column":1}},"line":1}},"branchMap":{},"s":{"0":2,"1":1},"f":{"0":2},"b":{},"_coverageSchema":"1a1c01bbd47fc00a2c39e90264f33305004495a9","hash":"c1a9b2ed21ad1a60a8db51e1a0296b5a7d8feeee"}
}
